<?xml version="1.0" encoding="UTF-8"?>
<!-- Generated by org.testng.reporters.JUnitReportReporter -->
<testsuite skipped="0" hostname="DESKTOP-O0HJJDF" name="ReadExcelData" tests="11" failures="0" timestamp="21 Jul 2018 08:51:12 GMT" time="0.022" errors="0">
  <testcase name="printData" time="0.001" classname="ReadExcelData"/>
  <testcase name="printData" time="0.004" classname="ReadExcelData"/>
  <testcase name="printData" time="0.001" classname="ReadExcelData"/>
  <testcase name="printData" time="0.001" classname="ReadExcelData"/>
  <testcase name="printData" time="0.001" classname="ReadExcelData"/>
  <testcase name="printData" time="0.002" classname="ReadExcelData"/>
  <testcase name="printData" time="0.002" classname="ReadExcelData"/>
  <testcase name="printData" time="0.001" classname="ReadExcelData"/>
  <testcase name="printData" time="0.007" classname="ReadExcelData"/>
  <testcase name="printData" time="0.001" classname="ReadExcelData"/>
  <testcase name="printData" time="0.001" classname="ReadExcelData"/>
</testsuite> <!-- ReadExcelData -->
